<component name="libraryTable">
  <library name="junit">
    <CLASSES>
      <root url="jar://C:/Program Files (x86)/JetBrains/IntelliJ IDEA Community Edition 14.1.3/lib/junit.jar!/" />
    </CLASSES>
    <JAVADOC />
    <SOURCES />
  </library>
</component>