<component name="libraryTable">
  <library name="junit-4.11">
    <CLASSES>
      <root url="jar://C:/Program Files (x86)/JetBrains/IntelliJ IDEA Community Edition 14.1.3/lib/junit-4.11.jar!/" />
    </CLASSES>
    <JAVADOC />
    <SOURCES />
  </library>
</component>